-------------------------------------------------------------------------------
Test set: TestSuite
-------------------------------------------------------------------------------
Tests run: 1, Failures: 1, Errors: 0, Skipped: 0, Time elapsed: 14.082 s <<< FAILURE! - in TestSuite
cucumberOptions.TestNGTestRunner.runScenario["Search Experience for product search in both home and offers page", "Search and place the order for products"](1)  Time elapsed: 11.704 s  <<< FAILURE!
java.lang.IllegalArgumentException: Input must be set

